<?xml version="1.0" encoding="UTF-8"?>
<robot generator="Robot 5.0.1 (Python 3.10.6 on win32)" generated="20220803 18:01:41.990" rpa="false" schemaversion="3">
<suite id="s1" name="Robotframawork" source="C:\Users\tiago\OneDrive\Área de Trabalho\projeto fabio\robotframawork">
<suite id="s1-s1" name="Inicio" source="C:\Users\tiago\OneDrive\Área de Trabalho\projeto fabio\robotframawork\inicio.robot">
<test id="s1-s1-t1" name="teste" line="6">
<kw name="abrir navegador">
<kw name="Open Browser" library="SeleniumLibrary">
<arg>http://automationpractice.com/index.php</arg>
<arg>gc</arg>
<doc>Opens a new browser instance to the optional ``url``.</doc>
<msg timestamp="20220803 18:01:42.262" level="INFO">Opening browser 'gc' to base url 'http://automationpractice.com/index.php'.</msg>
<msg timestamp="20220803 18:01:45.422" level="INFO">Cannot capture screenshot because no browser is open.</msg>
<msg timestamp="20220803 18:01:45.438" level="FAIL">SessionNotCreatedException: Message: session not created: This version of ChromeDriver only supports Chrome version 99
Current browser version is 104.0.5112.81 with binary path C:\Program Files\Google\Chrome\Application\chrome.exe
Stacktrace:
Backtrace:
	Ordinal0 [0x00509943+2595139]
	Ordinal0 [0x0049C9F1+2148849]
	Ordinal0 [0x00394528+1066280]
	Ordinal0 [0x003B42C3+1196739]
	Ordinal0 [0x003AFE37+1179191]
	Ordinal0 [0x003AD6F1+1169137]
	Ordinal0 [0x003E0530+1377584]
	Ordinal0 [0x003E018A+1376650]
	Ordinal0 [0x003DB806+1357830]
	Ordinal0 [0x003B6086+1204358]
	Ordinal0 [0x003B6F96+1208214]
	GetHandleVerifier [0x006AB232+1658114]
	GetHandleVerifier [0x0076312C+2411516]
	GetHandleVerifier [0x0059F261+560433]
	GetHandleVerifier [0x0059E366+556598]
	Ordinal0 [0x004A286B+2173035]
	Ordinal0 [0x004A75F8+2192888]
	Ordinal0 [0x004A76E5+2193125]
	Ordinal0 [0x004B11FC+2232828]
	BaseThreadInitThunk [0x76606739+25]
	RtlGetFullPathName_UEx [0x76F68FEF+1215]
	RtlGetFullPathName_UEx [0x76F68FBD+1165]
</msg>
<status status="FAIL" starttime="20220803 18:01:42.262" endtime="20220803 18:01:45.438"/>
</kw>
<status status="FAIL" starttime="20220803 18:01:42.262" endtime="20220803 18:01:45.447"/>
</kw>
<status status="FAIL" starttime="20220803 18:01:42.262" endtime="20220803 18:01:45.447">SessionNotCreatedException: Message: session not created: This version of ChromeDriver only supports Chrome version 99
Current browser version is 104.0.5112.81 with binary path C:\Program Files\Google\Chrome\Application\chrome.exe
Stacktrace:
Backtrace:
	Ordinal0 [0x00509943+2595139]
	Ordinal0 [0x0049C9F1+2148849]
	Ordinal0 [0x00394528+1066280]
	Ordinal0 [0x003B42C3+1196739]
	Ordinal0 [0x003AFE37+1179191]
	Ordinal0 [0x003AD6F1+1169137]
	Ordinal0 [0x003E0530+1377584]
	Ordinal0 [0x003E018A+1376650]
	Ordinal0 [0x003DB806+1357830]
	Ordinal0 [0x003B6086+1204358]
	Ordinal0 [0x003B6F96+1208214]
	GetHandleVerifier [0x006AB232+1658114]
	GetHandleVerifier [0x0076312C+2411516]
	GetHandleVerifier [0x0059F261+560433]
	GetHandleVerifier [0x0059E366+556598]
	Ordinal0 [0x004A286B+2173035]
	Ordinal0 [0x004A75F8+2192888]
	Ordinal0 [0x004A76E5+2193125]
	Ordinal0 [0x004B11FC+2232828]
	BaseThreadInitThunk [0x76606739+25]
	RtlGetFullPathName_UEx [0x76F68FEF+1215]
	RtlGetFullPathName_UEx [0x76F68FBD+1165]
</status>
</test>
<doc>primeiro codigo.+</doc>
<status status="FAIL" starttime="20220803 18:01:42.030" endtime="20220803 18:01:45.455"/>
</suite>
<status status="FAIL" starttime="20220803 18:01:41.998" endtime="20220803 18:01:45.455"/>
</suite>
<statistics>
<total>
<stat pass="0" fail="1" skip="0">All Tests</stat>
</total>
<tag>
</tag>
<suite>
<stat pass="0" fail="1" skip="0" id="s1" name="Robotframawork">Robotframawork</stat>
<stat pass="0" fail="1" skip="0" id="s1-s1" name="Inicio">Robotframawork.Inicio</stat>
</suite>
</statistics>
<errors>
</errors>
</robot>
